<?xml version="1.0" encoding="UTF-8"?>
<!-- Generated by org.testng.reporters.JUnitReportReporter -->
<testsuite hostname="Akshay" failures="0" tests="1" name="mavenForJenkins.UITest" time="12.095" errors="0" timestamp="2024-08-01T22:49:47 IST" skipped="0">
  <testcase classname="mavenForJenkins.UITest" name="uiSampleTest" time="12.095"/>
</testsuite> <!-- mavenForJenkins.UITest -->
